[11:57:53] [main/INFO]: Setting user: Player375
[11:58:01] [Client thread/INFO]: LWJGL Version: 2.9.1
[11:58:35] [Client thread/INFO]: Reloading ResourceManager: Default, FMLFileResourcePack:Forge Mod Loader, FMLFileResourcePack:Minecraft Forge, FMLFileResourcePack:lumina
[11:58:37] [Sound Library Loader/INFO]: Sound engine started
[11:58:50] [Client thread/INFO]: Created: 512x256 textures/blocks-atlas
[11:58:51] [Client thread/INFO]: Created: 256x256 textures/items-atlas
[11:58:52] [Client thread/INFO]: Reloading ResourceManager: Default, FMLFileResourcePack:Forge Mod Loader, FMLFileResourcePack:Minecraft Forge, FMLFileResourcePack:lumina
[11:58:53] [Client thread/INFO]: Created: 512x256 textures/blocks-atlas
[11:58:53] [Client thread/INFO]: Created: 256x256 textures/items-atlas
[11:58:54] [Sound Library Loader/INFO]: Sound engine started
[11:59:11] [Server thread/INFO]: Starting integrated minecraft server version 1.7.10
[11:59:11] [Server thread/INFO]: Generating keypair
[11:59:14] [Server thread/INFO]: Preparing start region for level 0
[11:59:15] [Server thread/INFO]: Preparing spawn area: 0%
[11:59:16] [Server thread/INFO]: Preparing spawn area: 10%
[11:59:17] [Server thread/INFO]: Preparing spawn area: 26%
[11:59:18] [Server thread/INFO]: Preparing spawn area: 50%
[11:59:19] [Server thread/INFO]: Preparing spawn area: 82%
[11:59:21] [Server thread/INFO]: Changing view distance to 8, from 10
[11:59:23] [Server thread/INFO]: Player375[local:E:1c3b9d96] logged in with entity id 361 at (134.3515701896961, 67.0, 258.1038725935528)
[11:59:23] [Server thread/INFO]: Player375 joined the game
[11:59:26] [Server thread/WARN]: Can't keep up! Did the system time change, or is the server overloaded? Running 4227ms behind, skipping 84 tick(s)
[12:01:39] [Server thread/INFO]: Saving and pausing game...
[12:01:39] [Server thread/INFO]: Saving chunks for level 'Test World'/Overworld
[12:01:40] [Server thread/INFO]: Saving chunks for level 'Test World'/Nether
[12:01:40] [Server thread/INFO]: Saving chunks for level 'Test World'/The End
[12:01:43] [Server thread/INFO]: Stopping server
[12:01:43] [Server thread/INFO]: Saving players
[12:01:43] [Server thread/INFO]: Saving worlds
[12:01:43] [Server thread/INFO]: Saving chunks for level 'Test World'/Overworld
[12:01:43] [Server thread/INFO]: Saving chunks for level 'Test World'/Nether
[12:01:43] [Server thread/INFO]: Saving chunks for level 'Test World'/The End
[12:01:46] [Client thread/INFO]: Stopping!
